<?xml version="1.0" encoding="UTF-8"?>
<testsuites>
    <testsuite name="force.apex" timestamp="2026-04-20T08:02:12.000Z" hostname="https://drcresins--nbcdev.sandbox.my.salesforce.com" tests="43" failures="0"  errors="0"  time="6.43">
        <properties>
            <property name="outcome" value="Successful"/>
            <property name="testsRan" value="43"/>
            <property name="passing" value="43"/>
            <property name="failing" value="0"/>
            <property name="skipped" value="0"/>
            <property name="passRate" value="100%"/>
            <property name="failRate" value="0%"/>
            <property name="testStartTime" value="Mon Apr 20 2026 1:32:12 PM"/>
            <property name="testSetupTimeInMs" value="1218"/>
            <property name="testExecutionTime" value="6.43 s"/>
            <property name="testTotalTime" value="7.65 s"/>
            <property name="commandTime" value="0.21 s"/>
            <property name="hostname" value="https://drcresins--nbcdev.sandbox.my.salesforce.com"/>
            <property name="orgId" value="00DC3000002PAe9MAG"/>
            <property name="username" value="satishyadav0231@gmail.com.drcresindev"/>
            <property name="testRunId" value="707C300000YxPbf"/>
            <property name="userId" value="005C3000008YQFNIA4"/>
            <property name="coveredLines" value="606"/>
            <property name="testRunCoverage" value="58%"/>
            <property name="orgWideCoverage" value="80%"/>
        </properties>
        <testcase name="test_OrderSyncQueueable_HappyPath" classname="DRC_NBC_UpdateOrderAndLineItems_Test" time="0.34">
        </testcase>
        <testcase name="test_OrderSyncQueueable_NullId_CatchBlock" classname="DRC_NBC_UpdateOrderAndLineItems_Test" time="0.06">
        </testcase>
        <testcase name="test_ShippingCalloutQueueable_HappyPath" classname="DRC_NBC_UpdateOrderAndLineItems_Test" time="0.09">
        </testcase>
        <testcase name="test_ShippingCalloutQueueable_ShippingException_CatchBlock" classname="DRC_NBC_UpdateOrderAndLineItems_Test" time="0.08">
        </testcase>
        <testcase name="test_ShippingCalloutQueueable_ShippingHTTP500_ChainsContinues" classname="DRC_NBC_UpdateOrderAndLineItems_Test" time="0.08">
        </testcase>
        <testcase name="test_WrapperClasses_ConstructorFields" classname="DRC_NBC_UpdateOrderAndLineItems_Test" time="0.01">
        </testcase>
        <testcase name="test_buildUpdateMultiple_BothTaxNodes_NonZeroAmounts" classname="DRC_NBC_UpdateOrderAndLineItems_Test" time="0.21">
        </testcase>
        <testcase name="test_buildUpdateMultiple_NoMatchingSFItem_WarningBranch" classname="DRC_NBC_UpdateOrderAndLineItems_Test" time="0.54">
        </testcase>
        <testcase name="test_buildUpdateMultiple_NullDiscount_DefaultsToZero" classname="DRC_NBC_UpdateOrderAndLineItems_Test" time="0.28">
        </testcase>
        <testcase name="test_buildUpdateMultiple_SampleOrder_PricesZeroed" classname="DRC_NBC_UpdateOrderAndLineItems_Test" time="0.26">
        </testcase>
        <testcase name="test_escapeXml_BlankValue_ReturnsEmpty" classname="DRC_NBC_UpdateOrderAndLineItems_Test" time="0.21">
        </testcase>
        <testcase name="test_getLocationCode_BlankWarehouseLabel" classname="DRC_NBC_UpdateOrderAndLineItems_Test" time="0.29">
        </testcase>
        <testcase name="test_getLocationCode_LabelPresentNoMetadataMatch" classname="DRC_NBC_UpdateOrderAndLineItems_Test" time="0.23">
        </testcase>
        <testcase name="test_intelligentSync_BothTaxAmountsNull_DeleteBranch" classname="DRC_NBC_UpdateOrderAndLineItems_Test" time="0.20">
        </testcase>
        <testcase name="test_intelligentSync_BothTaxAmountsZero_DeleteBranch" classname="DRC_NBC_UpdateOrderAndLineItems_Test" time="0.23">
        </testcase>
        <testcase name="test_intelligentSync_EmptyBC_CreatePath_NoUpdate" classname="DRC_NBC_UpdateOrderAndLineItems_Test" time="0.12">
        </testcase>
        <testcase name="test_intelligentSync_InnerExceptionPath" classname="DRC_NBC_UpdateOrderAndLineItems_Test" time="0.17">
        </testcase>
        <testcase name="test_intelligentSync_MalformedReadMultipleXML_CatchBlock" classname="DRC_NBC_UpdateOrderAndLineItems_Test" time="0.11">
        </testcase>
        <testcase name="test_intelligentSync_ReadMultipleHTTP500_NullBCDetails" classname="DRC_NBC_UpdateOrderAndLineItems_Test" time="0.11">
        </testcase>
        <testcase name="test_intelligentSync_Step4_OrderReadUpdateEnqueued" classname="DRC_NBC_UpdateOrderAndLineItems_Test" time="0.11">
        </testcase>
        <testcase name="test_intelligentSync_TaxLinesPreserved_NonZeroAmounts" classname="DRC_NBC_UpdateOrderAndLineItems_Test" time="0.23">
        </testcase>
        <testcase name="test_intelligentSync_UnmatchedProduct_UpdateAndDelete" classname="DRC_NBC_UpdateOrderAndLineItems_Test" time="0.11">
        </testcase>
        <testcase name="test_orderId_NullId_ExceptionCaught" classname="DRC_NBC_UpdateOrderAndLineItems_Test" time="0.03">
        </testcase>
        <testcase name="test_orderId_ShipToCodePresent_QueuesJob" classname="DRC_NBC_UpdateOrderAndLineItems_Test" time="0.15">
        </testcase>
        <testcase name="test_processOrderSync_OrderReadHTTP500_NullResult_EarlyReturn" classname="DRC_NBC_UpdateOrderAndLineItems_Test" time="0.10">
        </testcase>
        <testcase name="test_processOrderSync_OrderReadNoKey_EarlyReturn" classname="DRC_NBC_UpdateOrderAndLineItems_Test" time="0.11">
        </testcase>
        <testcase name="test_processOrderSync_Released_FreshKeyBlank_EarlyReturn" classname="DRC_NBC_UpdateOrderAndLineItems_Test" time="0.10">
        </testcase>
        <testcase name="test_processOrderSync_Released_FreshReadHTTP500_EarlyReturn" classname="DRC_NBC_UpdateOrderAndLineItems_Test" time="0.11">
        </testcase>
        <testcase name="test_processOrderSync_Released_ReopenHTTP500_EarlyReturn" classname="DRC_NBC_UpdateOrderAndLineItems_Test" time="0.10">
        </testcase>
        <testcase name="test_processOrderSync_Released_ReopenSuccess_FullSync" classname="DRC_NBC_UpdateOrderAndLineItems_Test" time="0.10">
        </testcase>
        <testcase name="test_readMultipleLineItems_CalloutException_CatchBlock" classname="DRC_NBC_UpdateOrderAndLineItems_Test" time="0.10">
        </testcase>
        <testcase name="test_readOrderFromBC_CalloutException_CatchBlock" classname="DRC_NBC_UpdateOrderAndLineItems_Test" time="0.10">
        </testcase>
        <testcase name="test_readOrderFromBC_MalformedXML_CatchBlock" classname="DRC_NBC_UpdateOrderAndLineItems_Test" time="0.10">
        </testcase>
        <testcase name="test_reopenOrderInBC_CalloutException_CatchBlock" classname="DRC_NBC_UpdateOrderAndLineItems_Test" time="0.10">
        </testcase>
        <testcase name="test_updateMultipleLineItems_CalloutException" classname="DRC_NBC_UpdateOrderAndLineItems_Test" time="0.11">
        </testcase>
        <testcase name="test_updateMultipleLineItems_HTTP500" classname="DRC_NBC_UpdateOrderAndLineItems_Test" time="0.12">
        </testcase>
        <testcase name="test_updateMultipleLineItems_Success_AndGetLocationCode" classname="DRC_NBC_UpdateOrderAndLineItems_Test" time="0.10">
        </testcase>
        <testcase name="test_updateOrderInBC_BlankWarehouse_SkipsMetadata" classname="DRC_NBC_UpdateOrderAndLineItems_Test" time="0.28">
        </testcase>
        <testcase name="test_updateOrderInBC_CalloutException_CatchBlock" classname="DRC_NBC_UpdateOrderAndLineItems_Test" time="0.11">
        </testcase>
        <testcase name="test_updateOrderInBC_HTTP500_LineItemsSkipped" classname="DRC_NBC_UpdateOrderAndLineItems_Test" time="0.10">
        </testcase>
        <testcase name="test_updateOrderInBC_ShipToLocationDiffers_ShipToUpdateIssued" classname="DRC_NBC_UpdateOrderAndLineItems_Test" time="0.11">
        </testcase>
        <testcase name="test_updateOrderInBC_WarehouseMetadataLookup" classname="DRC_NBC_UpdateOrderAndLineItems_Test" time="0.20">
        </testcase>
    </testsuite>
</testsuites>
